<?xml version="1.0" encoding="UTF-8"?>
<!-- Generated by org.testng.reporters.JUnitReportReporter -->
<testsuite skipped="0" hostname="LAPTOP-PI6QVRRF" name="com.vtiger.testScript.CreateCampaignTest" tests="1" failures="0" timestamp="26 Jan 2020 11:13:57 GMT" time="14.157" errors="0">
  <testcase name="campaignGenerationTest" time="14.157" classname="com.vtiger.testScript.CreateCampaignTest"/>
</testsuite> <!-- com.vtiger.testScript.CreateCampaignTest -->
