<?xml version="1.0" encoding="UTF-8"?>
<!-- Generated by org.testng.reporters.JUnitReportReporter -->
<testsuite skipped="0" hostname="LAPTOP-PI6QVRRF" name="com.vtiger.testScript.CreateOrganizationTest" tests="1" failures="0" timestamp="26 Jan 2020 11:34:57 GMT" time="15.199" errors="0">
  <testcase name="organizationGenerationTest" time="15.199" classname="com.vtiger.testScript.CreateOrganizationTest"/>
</testsuite> <!-- com.vtiger.testScript.CreateOrganizationTest -->
